2017-11-05 10:02:06,591 - Log4JLogChute initialized using file 'velocity.log'
2017-11-05 10:02:06,592 - Initializing Velocity, Calling init()...
2017-11-05 10:02:06,593 - Starting Apache Velocity v1.7 (compiled: 2010-11-19 12:14:37)
2017-11-05 10:02:06,594 - Default Properties File: org\apache\velocity\runtime\defaults\velocity.properties
2017-11-05 10:02:06,594 - Trying to use logger class org.apache.velocity.runtime.log.AvalonLogChute
2017-11-05 10:02:06,594 - Target log system for org.apache.velocity.runtime.log.AvalonLogChute is not available (java.lang.NoClassDefFoundError: org/apache/log/format/Formatter).  Falling back to next log system...
2017-11-05 10:02:06,594 - Trying to use logger class org.apache.velocity.runtime.log.Log4JLogChute
2017-11-05 10:02:06,595 - Using logger class org.apache.velocity.runtime.log.Log4JLogChute
2017-11-05 10:02:06,648 - ResourceLoader instantiated: org.apache.velocity.runtime.resource.loader.FileResourceLoader
2017-11-05 10:02:06,652 - Do unicode file recognition:  false
2017-11-05 10:02:06,652 - FileResourceLoader : adding path '.'
2017-11-05 10:02:06,779 - ResourceCache: initialized (class org.apache.velocity.runtime.resource.ResourceCacheImpl) with class java.util.Collections$SynchronizedMap cache map.
2017-11-05 10:02:06,795 - Loaded System Directive: org.apache.velocity.runtime.directive.Stop
2017-11-05 10:02:06,818 - Loaded System Directive: org.apache.velocity.runtime.directive.Define
2017-11-05 10:02:06,823 - Loaded System Directive: org.apache.velocity.runtime.directive.Break
2017-11-05 10:02:06,828 - Loaded System Directive: org.apache.velocity.runtime.directive.Evaluate
2017-11-05 10:02:06,831 - Loaded System Directive: org.apache.velocity.runtime.directive.Literal
2017-11-05 10:02:06,847 - Loaded System Directive: org.apache.velocity.runtime.directive.Macro
2017-11-05 10:02:06,853 - Loaded System Directive: org.apache.velocity.runtime.directive.Parse
2017-11-05 10:02:06,857 - Loaded System Directive: org.apache.velocity.runtime.directive.Include
2017-11-05 10:02:06,862 - Loaded System Directive: org.apache.velocity.runtime.directive.Foreach
2017-11-05 10:02:06,990 - Created '20' parsers.
2017-11-05 10:02:07,019 - Velocimacro : "velocimacro.library" is not set.  Trying default library: VM_global_library.vm
2017-11-05 10:02:07,019 - Velocimacro : Default library not found.
2017-11-05 10:02:07,031 - Velocimacro : allowInline = true : VMs can be defined inline in templates
2017-11-05 10:02:07,032 - Velocimacro : allowInlineToOverride = false : VMs defined inline may NOT replace previous VM definitions
2017-11-05 10:02:07,032 - Velocimacro : allowInlineLocal = false : VMs defined inline will be global in scope if allowed.
2017-11-05 10:02:07,032 - Velocimacro : autoload off : VM system will not automatically reload global library macros
2017-11-05 10:02:07,212 - ResourceManager : found \resource\template\pojo.vm with loader org.apache.velocity.runtime.resource.loader.FileResourceLoader
2017-11-05 10:06:47,154 - Log4JLogChute initialized using file 'velocity.log'
2017-11-05 10:06:47,155 - Initializing Velocity, Calling init()...
2017-11-05 10:06:47,155 - Starting Apache Velocity v1.7 (compiled: 2010-11-19 12:14:37)
2017-11-05 10:06:47,155 - Default Properties File: org\apache\velocity\runtime\defaults\velocity.properties
2017-11-05 10:06:47,155 - Trying to use logger class org.apache.velocity.runtime.log.AvalonLogChute
2017-11-05 10:06:47,155 - Target log system for org.apache.velocity.runtime.log.AvalonLogChute is not available (java.lang.NoClassDefFoundError: org/apache/log/format/Formatter).  Falling back to next log system...
2017-11-05 10:06:47,155 - Trying to use logger class org.apache.velocity.runtime.log.Log4JLogChute
2017-11-05 10:06:47,155 - Using logger class org.apache.velocity.runtime.log.Log4JLogChute
2017-11-05 10:06:47,161 - ResourceLoader instantiated: org.apache.velocity.runtime.resource.loader.FileResourceLoader
2017-11-05 10:06:47,163 - Do unicode file recognition:  false
2017-11-05 10:06:47,163 - FileResourceLoader : adding path '.'
2017-11-05 10:06:47,179 - ResourceCache: initialized (class org.apache.velocity.runtime.resource.ResourceCacheImpl) with class java.util.Collections$SynchronizedMap cache map.
2017-11-05 10:06:47,180 - Loaded System Directive: org.apache.velocity.runtime.directive.Stop
2017-11-05 10:06:47,181 - Loaded System Directive: org.apache.velocity.runtime.directive.Define
2017-11-05 10:06:47,182 - Loaded System Directive: org.apache.velocity.runtime.directive.Break
2017-11-05 10:06:47,183 - Loaded System Directive: org.apache.velocity.runtime.directive.Evaluate
2017-11-05 10:06:47,184 - Loaded System Directive: org.apache.velocity.runtime.directive.Literal
2017-11-05 10:06:47,185 - Loaded System Directive: org.apache.velocity.runtime.directive.Macro
2017-11-05 10:06:47,186 - Loaded System Directive: org.apache.velocity.runtime.directive.Parse
2017-11-05 10:06:47,187 - Loaded System Directive: org.apache.velocity.runtime.directive.Include
2017-11-05 10:06:47,189 - Loaded System Directive: org.apache.velocity.runtime.directive.Foreach
2017-11-05 10:06:47,226 - Created '20' parsers.
2017-11-05 10:06:47,233 - Velocimacro : "velocimacro.library" is not set.  Trying default library: VM_global_library.vm
2017-11-05 10:06:47,233 - Velocimacro : Default library not found.
2017-11-05 10:06:47,233 - Velocimacro : allowInline = true : VMs can be defined inline in templates
2017-11-05 10:06:47,233 - Velocimacro : allowInlineToOverride = false : VMs defined inline may NOT replace previous VM definitions
2017-11-05 10:06:47,233 - Velocimacro : allowInlineLocal = false : VMs defined inline will be global in scope if allowed.
2017-11-05 10:06:47,233 - Velocimacro : autoload off : VM system will not automatically reload global library macros
2017-11-05 10:06:47,250 - ResourceManager : found \resource\template\pojo.vm with loader org.apache.velocity.runtime.resource.loader.FileResourceLoader
2017-11-05 10:19:23,372 - Log4JLogChute initialized using file 'velocity.log'
2017-11-05 10:19:23,373 - Initializing Velocity, Calling init()...
2017-11-05 10:19:23,373 - Starting Apache Velocity v1.7 (compiled: 2010-11-19 12:14:37)
2017-11-05 10:19:23,373 - Default Properties File: org\apache\velocity\runtime\defaults\velocity.properties
2017-11-05 10:19:23,373 - Trying to use logger class org.apache.velocity.runtime.log.AvalonLogChute
2017-11-05 10:19:23,373 - Target log system for org.apache.velocity.runtime.log.AvalonLogChute is not available (java.lang.NoClassDefFoundError: org/apache/log/format/Formatter).  Falling back to next log system...
2017-11-05 10:19:23,373 - Trying to use logger class org.apache.velocity.runtime.log.Log4JLogChute
2017-11-05 10:19:23,373 - Using logger class org.apache.velocity.runtime.log.Log4JLogChute
2017-11-05 10:19:23,396 - ResourceLoader instantiated: org.apache.velocity.runtime.resource.loader.FileResourceLoader
2017-11-05 10:19:23,398 - Do unicode file recognition:  false
2017-11-05 10:19:23,398 - FileResourceLoader : adding path '.'
2017-11-05 10:19:23,435 - ResourceCache: initialized (class org.apache.velocity.runtime.resource.ResourceCacheImpl) with class java.util.Collections$SynchronizedMap cache map.
2017-11-05 10:19:23,441 - Loaded System Directive: org.apache.velocity.runtime.directive.Stop
2017-11-05 10:19:23,444 - Loaded System Directive: org.apache.velocity.runtime.directive.Define
2017-11-05 10:19:23,445 - Loaded System Directive: org.apache.velocity.runtime.directive.Break
2017-11-05 10:19:23,447 - Loaded System Directive: org.apache.velocity.runtime.directive.Evaluate
2017-11-05 10:19:23,448 - Loaded System Directive: org.apache.velocity.runtime.directive.Literal
2017-11-05 10:19:23,451 - Loaded System Directive: org.apache.velocity.runtime.directive.Macro
2017-11-05 10:19:23,453 - Loaded System Directive: org.apache.velocity.runtime.directive.Parse
2017-11-05 10:19:23,456 - Loaded System Directive: org.apache.velocity.runtime.directive.Include
2017-11-05 10:19:23,458 - Loaded System Directive: org.apache.velocity.runtime.directive.Foreach
2017-11-05 10:19:23,523 - Created '20' parsers.
2017-11-05 10:19:23,534 - Velocimacro : "velocimacro.library" is not set.  Trying default library: VM_global_library.vm
2017-11-05 10:19:23,534 - Velocimacro : Default library not found.
2017-11-05 10:19:23,535 - Velocimacro : allowInline = true : VMs can be defined inline in templates
2017-11-05 10:19:23,535 - Velocimacro : allowInlineToOverride = false : VMs defined inline may NOT replace previous VM definitions
2017-11-05 10:19:23,535 - Velocimacro : allowInlineLocal = false : VMs defined inline will be global in scope if allowed.
2017-11-05 10:19:23,535 - Velocimacro : autoload off : VM system will not automatically reload global library macros
2017-11-05 10:19:23,562 - ResourceManager : found \resource\template\pojo.vm with loader org.apache.velocity.runtime.resource.loader.FileResourceLoader
2017-11-05 11:08:23,564 - Log4JLogChute initialized using file 'velocity.log'
2017-11-05 11:08:23,564 - Initializing Velocity, Calling init()...
2017-11-05 11:08:23,564 - Starting Apache Velocity v1.7 (compiled: 2010-11-19 12:14:37)
2017-11-05 11:08:23,564 - Default Properties File: org\apache\velocity\runtime\defaults\velocity.properties
2017-11-05 11:08:23,565 - Trying to use logger class org.apache.velocity.runtime.log.AvalonLogChute
2017-11-05 11:08:23,565 - Target log system for org.apache.velocity.runtime.log.AvalonLogChute is not available (java.lang.NoClassDefFoundError: org/apache/log/format/Formatter).  Falling back to next log system...
2017-11-05 11:08:23,565 - Trying to use logger class org.apache.velocity.runtime.log.Log4JLogChute
2017-11-05 11:08:23,565 - Using logger class org.apache.velocity.runtime.log.Log4JLogChute
2017-11-05 11:08:23,577 - ResourceLoader instantiated: org.apache.velocity.runtime.resource.loader.FileResourceLoader
2017-11-05 11:08:23,579 - Do unicode file recognition:  false
2017-11-05 11:08:23,579 - FileResourceLoader : adding path '.'
2017-11-05 11:08:23,614 - ResourceCache: initialized (class org.apache.velocity.runtime.resource.ResourceCacheImpl) with class java.util.Collections$SynchronizedMap cache map.
2017-11-05 11:08:23,617 - Loaded System Directive: org.apache.velocity.runtime.directive.Stop
2017-11-05 11:08:23,620 - Loaded System Directive: org.apache.velocity.runtime.directive.Define
2017-11-05 11:08:23,623 - Loaded System Directive: org.apache.velocity.runtime.directive.Break
2017-11-05 11:08:23,625 - Loaded System Directive: org.apache.velocity.runtime.directive.Evaluate
2017-11-05 11:08:23,627 - Loaded System Directive: org.apache.velocity.runtime.directive.Literal
2017-11-05 11:08:23,629 - Loaded System Directive: org.apache.velocity.runtime.directive.Macro
2017-11-05 11:08:23,632 - Loaded System Directive: org.apache.velocity.runtime.directive.Parse
2017-11-05 11:08:23,637 - Loaded System Directive: org.apache.velocity.runtime.directive.Include
2017-11-05 11:08:23,640 - Loaded System Directive: org.apache.velocity.runtime.directive.Foreach
2017-11-05 11:08:23,722 - Created '20' parsers.
2017-11-05 11:08:23,737 - Velocimacro : "velocimacro.library" is not set.  Trying default library: VM_global_library.vm
2017-11-05 11:08:23,738 - Velocimacro : Default library not found.
2017-11-05 11:08:23,738 - Velocimacro : allowInline = true : VMs can be defined inline in templates
2017-11-05 11:08:23,738 - Velocimacro : allowInlineToOverride = false : VMs defined inline may NOT replace previous VM definitions
2017-11-05 11:08:23,738 - Velocimacro : allowInlineLocal = false : VMs defined inline will be global in scope if allowed.
2017-11-05 11:08:23,738 - Velocimacro : autoload off : VM system will not automatically reload global library macros
2017-11-05 11:08:23,776 - ResourceManager : found \resource\template\pojo.vm with loader org.apache.velocity.runtime.resource.loader.FileResourceLoader
2017-11-05 11:21:36,148 - Log4JLogChute initialized using file 'velocity.log'
2017-11-05 11:21:36,149 - Initializing Velocity, Calling init()...
2017-11-05 11:21:36,149 - Starting Apache Velocity v1.7 (compiled: 2010-11-19 12:14:37)
2017-11-05 11:21:36,149 - Default Properties File: org\apache\velocity\runtime\defaults\velocity.properties
2017-11-05 11:21:36,150 - Trying to use logger class org.apache.velocity.runtime.log.AvalonLogChute
2017-11-05 11:21:36,150 - Target log system for org.apache.velocity.runtime.log.AvalonLogChute is not available (java.lang.NoClassDefFoundError: org/apache/log/format/Formatter).  Falling back to next log system...
2017-11-05 11:21:36,150 - Trying to use logger class org.apache.velocity.runtime.log.Log4JLogChute
2017-11-05 11:21:36,150 - Using logger class org.apache.velocity.runtime.log.Log4JLogChute
2017-11-05 11:21:36,170 - ResourceLoader instantiated: org.apache.velocity.runtime.resource.loader.FileResourceLoader
2017-11-05 11:21:36,174 - Do unicode file recognition:  false
2017-11-05 11:21:36,175 - FileResourceLoader : adding path '.'
2017-11-05 11:21:36,219 - ResourceCache: initialized (class org.apache.velocity.runtime.resource.ResourceCacheImpl) with class java.util.Collections$SynchronizedMap cache map.
2017-11-05 11:21:36,226 - Loaded System Directive: org.apache.velocity.runtime.directive.Stop
2017-11-05 11:21:36,231 - Loaded System Directive: org.apache.velocity.runtime.directive.Define
2017-11-05 11:21:36,233 - Loaded System Directive: org.apache.velocity.runtime.directive.Break
2017-11-05 11:21:36,236 - Loaded System Directive: org.apache.velocity.runtime.directive.Evaluate
2017-11-05 11:21:36,238 - Loaded System Directive: org.apache.velocity.runtime.directive.Literal
2017-11-05 11:21:36,243 - Loaded System Directive: org.apache.velocity.runtime.directive.Macro
2017-11-05 11:21:36,248 - Loaded System Directive: org.apache.velocity.runtime.directive.Parse
2017-11-05 11:21:36,253 - Loaded System Directive: org.apache.velocity.runtime.directive.Include
2017-11-05 11:21:36,258 - Loaded System Directive: org.apache.velocity.runtime.directive.Foreach
2017-11-05 11:21:36,400 - Created '20' parsers.
2017-11-05 11:21:36,423 - Velocimacro : "velocimacro.library" is not set.  Trying default library: VM_global_library.vm
2017-11-05 11:21:36,424 - Velocimacro : Default library not found.
2017-11-05 11:21:36,424 - Velocimacro : allowInline = true : VMs can be defined inline in templates
2017-11-05 11:21:36,424 - Velocimacro : allowInlineToOverride = false : VMs defined inline may NOT replace previous VM definitions
2017-11-05 11:21:36,425 - Velocimacro : allowInlineLocal = false : VMs defined inline will be global in scope if allowed.
2017-11-05 11:21:36,425 - Velocimacro : autoload off : VM system will not automatically reload global library macros
2017-11-05 11:21:36,454 - ResourceManager : found \resource\template\IDAO.vm with loader org.apache.velocity.runtime.resource.loader.FileResourceLoader
2017-11-05 11:21:36,470 - ResourceManager : found \resource\template\DAOImp.vm with loader org.apache.velocity.runtime.resource.loader.FileResourceLoader
2017-11-05 11:21:36,481 - ResourceManager : found \resource\template\IService.vm with loader org.apache.velocity.runtime.resource.loader.FileResourceLoader
2017-11-05 11:21:36,493 - ResourceManager : found \resource\template\ServiceImp.vm with loader org.apache.velocity.runtime.resource.loader.FileResourceLoader
2017-11-05 11:21:36,661 - ResourceManager : found \resource\template\Controller.vm with loader org.apache.velocity.runtime.resource.loader.FileResourceLoader
2017-11-05 16:18:15,372 - Log4JLogChute initialized using file 'velocity.log'
2017-11-05 16:18:15,372 - Initializing Velocity, Calling init()...
2017-11-05 16:18:15,373 - Starting Apache Velocity v1.7 (compiled: 2010-11-19 12:14:37)
2017-11-05 16:18:15,373 - Default Properties File: org\apache\velocity\runtime\defaults\velocity.properties
2017-11-05 16:18:15,373 - Trying to use logger class org.apache.velocity.runtime.log.AvalonLogChute
2017-11-05 16:18:15,373 - Target log system for org.apache.velocity.runtime.log.AvalonLogChute is not available (java.lang.NoClassDefFoundError: org/apache/log/format/Formatter).  Falling back to next log system...
2017-11-05 16:18:15,373 - Trying to use logger class org.apache.velocity.runtime.log.Log4JLogChute
2017-11-05 16:18:15,374 - Using logger class org.apache.velocity.runtime.log.Log4JLogChute
2017-11-05 16:18:15,387 - ResourceLoader instantiated: org.apache.velocity.runtime.resource.loader.FileResourceLoader
2017-11-05 16:18:15,390 - Do unicode file recognition:  false
2017-11-05 16:18:15,390 - FileResourceLoader : adding path '.'
2017-11-05 16:18:15,430 - ResourceCache: initialized (class org.apache.velocity.runtime.resource.ResourceCacheImpl) with class java.util.Collections$SynchronizedMap cache map.
2017-11-05 16:18:15,433 - Loaded System Directive: org.apache.velocity.runtime.directive.Stop
2017-11-05 16:18:15,436 - Loaded System Directive: org.apache.velocity.runtime.directive.Define
2017-11-05 16:18:15,438 - Loaded System Directive: org.apache.velocity.runtime.directive.Break
2017-11-05 16:18:15,440 - Loaded System Directive: org.apache.velocity.runtime.directive.Evaluate
2017-11-05 16:18:15,442 - Loaded System Directive: org.apache.velocity.runtime.directive.Literal
2017-11-05 16:18:15,444 - Loaded System Directive: org.apache.velocity.runtime.directive.Macro
2017-11-05 16:18:15,448 - Loaded System Directive: org.apache.velocity.runtime.directive.Parse
2017-11-05 16:18:15,452 - Loaded System Directive: org.apache.velocity.runtime.directive.Include
2017-11-05 16:18:15,454 - Loaded System Directive: org.apache.velocity.runtime.directive.Foreach
2017-11-05 16:18:15,546 - Created '20' parsers.
2017-11-05 16:18:15,563 - Velocimacro : "velocimacro.library" is not set.  Trying default library: VM_global_library.vm
2017-11-05 16:18:15,563 - Velocimacro : Default library not found.
2017-11-05 16:18:15,563 - Velocimacro : allowInline = true : VMs can be defined inline in templates
2017-11-05 16:18:15,563 - Velocimacro : allowInlineToOverride = false : VMs defined inline may NOT replace previous VM definitions
2017-11-05 16:18:15,563 - Velocimacro : allowInlineLocal = false : VMs defined inline will be global in scope if allowed.
2017-11-05 16:18:15,564 - Velocimacro : autoload off : VM system will not automatically reload global library macros
2017-11-05 16:18:15,602 - ResourceManager : found \resource\template\pojo.vm with loader org.apache.velocity.runtime.resource.loader.FileResourceLoader
2017-11-05 16:19:26,679 - Log4JLogChute initialized using file 'velocity.log'
2017-11-05 16:19:26,680 - Initializing Velocity, Calling init()...
2017-11-05 16:19:26,680 - Starting Apache Velocity v1.7 (compiled: 2010-11-19 12:14:37)
2017-11-05 16:19:26,680 - Default Properties File: org\apache\velocity\runtime\defaults\velocity.properties
2017-11-05 16:19:26,680 - Trying to use logger class org.apache.velocity.runtime.log.AvalonLogChute
2017-11-05 16:19:26,681 - Target log system for org.apache.velocity.runtime.log.AvalonLogChute is not available (java.lang.NoClassDefFoundError: org/apache/log/format/Formatter).  Falling back to next log system...
2017-11-05 16:19:26,681 - Trying to use logger class org.apache.velocity.runtime.log.Log4JLogChute
2017-11-05 16:19:26,681 - Using logger class org.apache.velocity.runtime.log.Log4JLogChute
2017-11-05 16:19:26,732 - ResourceLoader instantiated: org.apache.velocity.runtime.resource.loader.FileResourceLoader
2017-11-05 16:19:26,735 - Do unicode file recognition:  false
2017-11-05 16:19:26,735 - FileResourceLoader : adding path '.'
2017-11-05 16:19:26,765 - ResourceCache: initialized (class org.apache.velocity.runtime.resource.ResourceCacheImpl) with class java.util.Collections$SynchronizedMap cache map.
2017-11-05 16:19:26,769 - Loaded System Directive: org.apache.velocity.runtime.directive.Stop
2017-11-05 16:19:26,773 - Loaded System Directive: org.apache.velocity.runtime.directive.Define
2017-11-05 16:19:26,774 - Loaded System Directive: org.apache.velocity.runtime.directive.Break
2017-11-05 16:19:26,776 - Loaded System Directive: org.apache.velocity.runtime.directive.Evaluate
2017-11-05 16:19:26,777 - Loaded System Directive: org.apache.velocity.runtime.directive.Literal
2017-11-05 16:19:26,780 - Loaded System Directive: org.apache.velocity.runtime.directive.Macro
2017-11-05 16:19:26,782 - Loaded System Directive: org.apache.velocity.runtime.directive.Parse
2017-11-05 16:19:26,786 - Loaded System Directive: org.apache.velocity.runtime.directive.Include
2017-11-05 16:19:26,788 - Loaded System Directive: org.apache.velocity.runtime.directive.Foreach
2017-11-05 16:19:26,872 - Created '20' parsers.
2017-11-05 16:19:26,903 - Velocimacro : "velocimacro.library" is not set.  Trying default library: VM_global_library.vm
2017-11-05 16:19:26,903 - Velocimacro : Default library not found.
2017-11-05 16:19:26,904 - Velocimacro : allowInline = true : VMs can be defined inline in templates
2017-11-05 16:19:26,904 - Velocimacro : allowInlineToOverride = false : VMs defined inline may NOT replace previous VM definitions
2017-11-05 16:19:26,904 - Velocimacro : allowInlineLocal = false : VMs defined inline will be global in scope if allowed.
2017-11-05 16:19:26,905 - Velocimacro : autoload off : VM system will not automatically reload global library macros
2017-11-05 16:19:26,964 - ResourceManager : found \resource\template\pojo.vm with loader org.apache.velocity.runtime.resource.loader.FileResourceLoader
2017-11-05 16:31:29,051 - Log4JLogChute initialized using file 'velocity.log'
2017-11-05 16:31:29,052 - Initializing Velocity, Calling init()...
2017-11-05 16:31:29,052 - Starting Apache Velocity v1.7 (compiled: 2010-11-19 12:14:37)
2017-11-05 16:31:29,052 - Default Properties File: org\apache\velocity\runtime\defaults\velocity.properties
2017-11-05 16:31:29,052 - Trying to use logger class org.apache.velocity.runtime.log.AvalonLogChute
2017-11-05 16:31:29,052 - Target log system for org.apache.velocity.runtime.log.AvalonLogChute is not available (java.lang.NoClassDefFoundError: org/apache/log/format/Formatter).  Falling back to next log system...
2017-11-05 16:31:29,052 - Trying to use logger class org.apache.velocity.runtime.log.Log4JLogChute
2017-11-05 16:31:29,052 - Using logger class org.apache.velocity.runtime.log.Log4JLogChute
2017-11-05 16:31:29,067 - ResourceLoader instantiated: org.apache.velocity.runtime.resource.loader.FileResourceLoader
2017-11-05 16:31:29,071 - Do unicode file recognition:  false
2017-11-05 16:31:29,071 - FileResourceLoader : adding path '.'
2017-11-05 16:31:29,108 - ResourceCache: initialized (class org.apache.velocity.runtime.resource.ResourceCacheImpl) with class java.util.Collections$SynchronizedMap cache map.
2017-11-05 16:31:29,112 - Loaded System Directive: org.apache.velocity.runtime.directive.Stop
2017-11-05 16:31:29,118 - Loaded System Directive: org.apache.velocity.runtime.directive.Define
2017-11-05 16:31:29,120 - Loaded System Directive: org.apache.velocity.runtime.directive.Break
2017-11-05 16:31:29,122 - Loaded System Directive: org.apache.velocity.runtime.directive.Evaluate
2017-11-05 16:31:29,123 - Loaded System Directive: org.apache.velocity.runtime.directive.Literal
2017-11-05 16:31:29,127 - Loaded System Directive: org.apache.velocity.runtime.directive.Macro
2017-11-05 16:31:29,130 - Loaded System Directive: org.apache.velocity.runtime.directive.Parse
2017-11-05 16:31:29,134 - Loaded System Directive: org.apache.velocity.runtime.directive.Include
2017-11-05 16:31:29,137 - Loaded System Directive: org.apache.velocity.runtime.directive.Foreach
2017-11-05 16:31:29,231 - Created '20' parsers.
2017-11-05 16:31:29,250 - Velocimacro : "velocimacro.library" is not set.  Trying default library: VM_global_library.vm
2017-11-05 16:31:29,251 - Velocimacro : Default library not found.
2017-11-05 16:31:29,251 - Velocimacro : allowInline = true : VMs can be defined inline in templates
2017-11-05 16:31:29,251 - Velocimacro : allowInlineToOverride = false : VMs defined inline may NOT replace previous VM definitions
2017-11-05 16:31:29,251 - Velocimacro : allowInlineLocal = false : VMs defined inline will be global in scope if allowed.
2017-11-05 16:31:29,251 - Velocimacro : autoload off : VM system will not automatically reload global library macros
2017-11-05 16:31:29,286 - ResourceManager : found \resource\template\pojo.vm with loader org.apache.velocity.runtime.resource.loader.FileResourceLoader
2017-11-05 16:34:45,222 - Log4JLogChute initialized using file 'velocity.log'
2017-11-05 16:34:45,222 - Initializing Velocity, Calling init()...
2017-11-05 16:34:45,223 - Starting Apache Velocity v1.7 (compiled: 2010-11-19 12:14:37)
2017-11-05 16:34:45,223 - Default Properties File: org\apache\velocity\runtime\defaults\velocity.properties
2017-11-05 16:34:45,223 - Trying to use logger class org.apache.velocity.runtime.log.AvalonLogChute
2017-11-05 16:34:45,223 - Target log system for org.apache.velocity.runtime.log.AvalonLogChute is not available (java.lang.NoClassDefFoundError: org/apache/log/format/Formatter).  Falling back to next log system...
2017-11-05 16:34:45,223 - Trying to use logger class org.apache.velocity.runtime.log.Log4JLogChute
2017-11-05 16:34:45,223 - Using logger class org.apache.velocity.runtime.log.Log4JLogChute
2017-11-05 16:34:45,236 - ResourceLoader instantiated: org.apache.velocity.runtime.resource.loader.FileResourceLoader
2017-11-05 16:34:45,239 - Do unicode file recognition:  false
2017-11-05 16:34:45,240 - FileResourceLoader : adding path '.'
2017-11-05 16:34:45,276 - ResourceCache: initialized (class org.apache.velocity.runtime.resource.ResourceCacheImpl) with class java.util.Collections$SynchronizedMap cache map.
2017-11-05 16:34:45,279 - Loaded System Directive: org.apache.velocity.runtime.directive.Stop
2017-11-05 16:34:45,282 - Loaded System Directive: org.apache.velocity.runtime.directive.Define
2017-11-05 16:34:45,284 - Loaded System Directive: org.apache.velocity.runtime.directive.Break
2017-11-05 16:34:45,287 - Loaded System Directive: org.apache.velocity.runtime.directive.Evaluate
2017-11-05 16:34:45,289 - Loaded System Directive: org.apache.velocity.runtime.directive.Literal
2017-11-05 16:34:45,292 - Loaded System Directive: org.apache.velocity.runtime.directive.Macro
2017-11-05 16:34:45,295 - Loaded System Directive: org.apache.velocity.runtime.directive.Parse
2017-11-05 16:34:45,298 - Loaded System Directive: org.apache.velocity.runtime.directive.Include
2017-11-05 16:34:45,300 - Loaded System Directive: org.apache.velocity.runtime.directive.Foreach
2017-11-05 16:34:45,386 - Created '20' parsers.
2017-11-05 16:34:45,399 - Velocimacro : "velocimacro.library" is not set.  Trying default library: VM_global_library.vm
2017-11-05 16:34:45,400 - Velocimacro : Default library not found.
2017-11-05 16:34:45,400 - Velocimacro : allowInline = true : VMs can be defined inline in templates
2017-11-05 16:34:45,400 - Velocimacro : allowInlineToOverride = false : VMs defined inline may NOT replace previous VM definitions
2017-11-05 16:34:45,401 - Velocimacro : allowInlineLocal = false : VMs defined inline will be global in scope if allowed.
2017-11-05 16:34:45,401 - Velocimacro : autoload off : VM system will not automatically reload global library macros
2017-11-05 16:34:45,433 - ResourceManager : found \resource\template\pojo.vm with loader org.apache.velocity.runtime.resource.loader.FileResourceLoader
2017-11-05 17:49:27,435 - Log4JLogChute initialized using file 'velocity.log'
2017-11-05 17:49:27,436 - Initializing Velocity, Calling init()...
2017-11-05 17:49:27,436 - Starting Apache Velocity v1.7 (compiled: 2010-11-19 12:14:37)
2017-11-05 17:49:27,436 - Default Properties File: org\apache\velocity\runtime\defaults\velocity.properties
2017-11-05 17:49:27,436 - Trying to use logger class org.apache.velocity.runtime.log.AvalonLogChute
2017-11-05 17:49:27,436 - Target log system for org.apache.velocity.runtime.log.AvalonLogChute is not available (java.lang.NoClassDefFoundError: org/apache/log/format/Formatter).  Falling back to next log system...
2017-11-05 17:49:27,436 - Trying to use logger class org.apache.velocity.runtime.log.Log4JLogChute
2017-11-05 17:49:27,437 - Using logger class org.apache.velocity.runtime.log.Log4JLogChute
2017-11-05 17:49:27,451 - ResourceLoader instantiated: org.apache.velocity.runtime.resource.loader.FileResourceLoader
2017-11-05 17:49:27,453 - Do unicode file recognition:  false
2017-11-05 17:49:27,454 - FileResourceLoader : adding path '.'
2017-11-05 17:49:27,481 - ResourceCache: initialized (class org.apache.velocity.runtime.resource.ResourceCacheImpl) with class java.util.Collections$SynchronizedMap cache map.
2017-11-05 17:49:27,484 - Loaded System Directive: org.apache.velocity.runtime.directive.Stop
2017-11-05 17:49:27,487 - Loaded System Directive: org.apache.velocity.runtime.directive.Define
2017-11-05 17:49:27,488 - Loaded System Directive: org.apache.velocity.runtime.directive.Break
2017-11-05 17:49:27,490 - Loaded System Directive: org.apache.velocity.runtime.directive.Evaluate
2017-11-05 17:49:27,491 - Loaded System Directive: org.apache.velocity.runtime.directive.Literal
2017-11-05 17:49:27,495 - Loaded System Directive: org.apache.velocity.runtime.directive.Macro
2017-11-05 17:49:27,499 - Loaded System Directive: org.apache.velocity.runtime.directive.Parse
2017-11-05 17:49:27,501 - Loaded System Directive: org.apache.velocity.runtime.directive.Include
2017-11-05 17:49:27,504 - Loaded System Directive: org.apache.velocity.runtime.directive.Foreach
2017-11-05 17:49:27,591 - Created '20' parsers.
2017-11-05 17:49:27,606 - Velocimacro : "velocimacro.library" is not set.  Trying default library: VM_global_library.vm
2017-11-05 17:49:27,606 - Velocimacro : Default library not found.
2017-11-05 17:49:27,606 - Velocimacro : allowInline = true : VMs can be defined inline in templates
2017-11-05 17:49:27,606 - Velocimacro : allowInlineToOverride = false : VMs defined inline may NOT replace previous VM definitions
2017-11-05 17:49:27,606 - Velocimacro : allowInlineLocal = false : VMs defined inline will be global in scope if allowed.
2017-11-05 17:49:27,606 - Velocimacro : autoload off : VM system will not automatically reload global library macros
2017-11-05 17:49:27,624 - ResourceManager : found \resource\template\IDAO.vm with loader org.apache.velocity.runtime.resource.loader.FileResourceLoader
2017-11-05 17:49:27,636 - ResourceManager : found \resource\template\DAOImp.vm with loader org.apache.velocity.runtime.resource.loader.FileResourceLoader
2017-11-05 17:49:27,643 - ResourceManager : found \resource\template\IService.vm with loader org.apache.velocity.runtime.resource.loader.FileResourceLoader
2017-11-05 17:49:27,663 - ResourceManager : found \resource\template\ServiceImp.vm with loader org.apache.velocity.runtime.resource.loader.FileResourceLoader
2017-11-05 17:49:27,850 - ResourceManager : found \resource\template\Controller.vm with loader org.apache.velocity.runtime.resource.loader.FileResourceLoader
2017-11-05 17:50:31,209 - Log4JLogChute initialized using file 'velocity.log'
2017-11-05 17:50:31,211 - Initializing Velocity, Calling init()...
2017-11-05 17:50:31,211 - Starting Apache Velocity v1.7 (compiled: 2010-11-19 12:14:37)
2017-11-05 17:50:31,211 - Default Properties File: org\apache\velocity\runtime\defaults\velocity.properties
2017-11-05 17:50:31,211 - Trying to use logger class org.apache.velocity.runtime.log.AvalonLogChute
2017-11-05 17:50:31,211 - Target log system for org.apache.velocity.runtime.log.AvalonLogChute is not available (java.lang.NoClassDefFoundError: org/apache/log/format/Formatter).  Falling back to next log system...
2017-11-05 17:50:31,211 - Trying to use logger class org.apache.velocity.runtime.log.Log4JLogChute
2017-11-05 17:50:31,212 - Using logger class org.apache.velocity.runtime.log.Log4JLogChute
2017-11-05 17:50:31,230 - ResourceLoader instantiated: org.apache.velocity.runtime.resource.loader.FileResourceLoader
2017-11-05 17:50:31,235 - Do unicode file recognition:  false
2017-11-05 17:50:31,236 - FileResourceLoader : adding path '.'
2017-11-05 17:50:31,285 - ResourceCache: initialized (class org.apache.velocity.runtime.resource.ResourceCacheImpl) with class java.util.Collections$SynchronizedMap cache map.
2017-11-05 17:50:31,291 - Loaded System Directive: org.apache.velocity.runtime.directive.Stop
2017-11-05 17:50:31,297 - Loaded System Directive: org.apache.velocity.runtime.directive.Define
2017-11-05 17:50:31,300 - Loaded System Directive: org.apache.velocity.runtime.directive.Break
2017-11-05 17:50:31,303 - Loaded System Directive: org.apache.velocity.runtime.directive.Evaluate
2017-11-05 17:50:31,305 - Loaded System Directive: org.apache.velocity.runtime.directive.Literal
2017-11-05 17:50:31,309 - Loaded System Directive: org.apache.velocity.runtime.directive.Macro
2017-11-05 17:50:31,315 - Loaded System Directive: org.apache.velocity.runtime.directive.Parse
2017-11-05 17:50:31,319 - Loaded System Directive: org.apache.velocity.runtime.directive.Include
2017-11-05 17:50:31,323 - Loaded System Directive: org.apache.velocity.runtime.directive.Foreach
2017-11-05 17:50:31,459 - Created '20' parsers.
2017-11-05 17:50:31,484 - Velocimacro : "velocimacro.library" is not set.  Trying default library: VM_global_library.vm
2017-11-05 17:50:31,485 - Velocimacro : Default library not found.
2017-11-05 17:50:31,485 - Velocimacro : allowInline = true : VMs can be defined inline in templates
2017-11-05 17:50:31,486 - Velocimacro : allowInlineToOverride = false : VMs defined inline may NOT replace previous VM definitions
2017-11-05 17:50:31,486 - Velocimacro : allowInlineLocal = false : VMs defined inline will be global in scope if allowed.
2017-11-05 17:50:31,486 - Velocimacro : autoload off : VM system will not automatically reload global library macros
2017-11-05 17:50:31,517 - ResourceManager : found \resource\template\IDAO.vm with loader org.apache.velocity.runtime.resource.loader.FileResourceLoader
2017-11-05 17:50:31,532 - ResourceManager : found \resource\template\DAOImp.vm with loader org.apache.velocity.runtime.resource.loader.FileResourceLoader
2017-11-05 17:50:31,542 - ResourceManager : found \resource\template\IService.vm with loader org.apache.velocity.runtime.resource.loader.FileResourceLoader
2017-11-05 17:50:31,553 - ResourceManager : found \resource\template\ServiceImp.vm with loader org.apache.velocity.runtime.resource.loader.FileResourceLoader
2017-11-05 17:50:31,749 - ResourceManager : found \resource\template\Controller.vm with loader org.apache.velocity.runtime.resource.loader.FileResourceLoader
2017-11-06 18:08:14,574 - Log4JLogChute initialized using file 'velocity.log'
2017-11-06 18:08:14,585 - Initializing Velocity, Calling init()...
2017-11-06 18:08:14,586 - Starting Apache Velocity v1.7 (compiled: 2010-11-19 12:14:37)
2017-11-06 18:08:14,586 - Default Properties File: org\apache\velocity\runtime\defaults\velocity.properties
2017-11-06 18:08:14,587 - Trying to use logger class org.apache.velocity.runtime.log.AvalonLogChute
2017-11-06 18:08:14,587 - Target log system for org.apache.velocity.runtime.log.AvalonLogChute is not available (java.lang.NoClassDefFoundError: org/apache/log/format/Formatter).  Falling back to next log system...
2017-11-06 18:08:14,587 - Trying to use logger class org.apache.velocity.runtime.log.Log4JLogChute
2017-11-06 18:08:14,587 - Using logger class org.apache.velocity.runtime.log.Log4JLogChute
2017-11-06 18:08:14,621 - ResourceLoader instantiated: org.apache.velocity.runtime.resource.loader.FileResourceLoader
2017-11-06 18:08:14,625 - Do unicode file recognition:  false
2017-11-06 18:08:14,625 - FileResourceLoader : adding path '.'
2017-11-06 18:08:14,755 - ResourceCache: initialized (class org.apache.velocity.runtime.resource.ResourceCacheImpl) with class java.util.Collections$SynchronizedMap cache map.
2017-11-06 18:08:14,762 - Loaded System Directive: org.apache.velocity.runtime.directive.Stop
2017-11-06 18:08:14,783 - Loaded System Directive: org.apache.velocity.runtime.directive.Define
2017-11-06 18:08:14,786 - Loaded System Directive: org.apache.velocity.runtime.directive.Break
2017-11-06 18:08:14,789 - Loaded System Directive: org.apache.velocity.runtime.directive.Evaluate
2017-11-06 18:08:14,792 - Loaded System Directive: org.apache.velocity.runtime.directive.Literal
2017-11-06 18:08:14,800 - Loaded System Directive: org.apache.velocity.runtime.directive.Macro
2017-11-06 18:08:14,806 - Loaded System Directive: org.apache.velocity.runtime.directive.Parse
2017-11-06 18:08:14,816 - Loaded System Directive: org.apache.velocity.runtime.directive.Include
2017-11-06 18:08:14,820 - Loaded System Directive: org.apache.velocity.runtime.directive.Foreach
2017-11-06 18:08:14,985 - Created '20' parsers.
2017-11-06 18:08:15,008 - Velocimacro : "velocimacro.library" is not set.  Trying default library: VM_global_library.vm
2017-11-06 18:08:15,010 - Velocimacro : Default library not found.
2017-11-06 18:08:15,010 - Velocimacro : allowInline = true : VMs can be defined inline in templates
2017-11-06 18:08:15,010 - Velocimacro : allowInlineToOverride = false : VMs defined inline may NOT replace previous VM definitions
2017-11-06 18:08:15,011 - Velocimacro : allowInlineLocal = false : VMs defined inline will be global in scope if allowed.
2017-11-06 18:08:15,011 - Velocimacro : autoload off : VM system will not automatically reload global library macros
2017-11-06 18:08:15,168 - ResourceManager : found \resource\template\pojo.vm with loader org.apache.velocity.runtime.resource.loader.FileResourceLoader
2017-11-06 18:08:15,394 - ResourceManager : found \resource\template\pojo.vm with loader org.apache.velocity.runtime.resource.loader.FileResourceLoader
2017-11-07 10:12:28,140 - Log4JLogChute initialized using file 'velocity.log'
2017-11-07 10:12:28,160 - Initializing Velocity, Calling init()...
2017-11-07 10:12:28,160 - Starting Apache Velocity v1.7 (compiled: 2010-11-19 12:14:37)
2017-11-07 10:12:28,160 - Default Properties File: org\apache\velocity\runtime\defaults\velocity.properties
2017-11-07 10:12:28,160 - Trying to use logger class org.apache.velocity.runtime.log.AvalonLogChute
2017-11-07 10:12:28,160 - Target log system for org.apache.velocity.runtime.log.AvalonLogChute is not available (java.lang.NoClassDefFoundError: org/apache/log/format/Formatter).  Falling back to next log system...
2017-11-07 10:12:28,160 - Trying to use logger class org.apache.velocity.runtime.log.Log4JLogChute
2017-11-07 10:12:28,160 - Using logger class org.apache.velocity.runtime.log.Log4JLogChute
2017-11-07 10:12:28,181 - ResourceLoader instantiated: org.apache.velocity.runtime.resource.loader.FileResourceLoader
2017-11-07 10:12:28,191 - Do unicode file recognition:  false
2017-11-07 10:12:28,191 - FileResourceLoader : adding path '.'
2017-11-07 10:12:28,301 - ResourceCache: initialized (class org.apache.velocity.runtime.resource.ResourceCacheImpl) with class java.util.Collections$SynchronizedMap cache map.
2017-11-07 10:12:28,311 - Loaded System Directive: org.apache.velocity.runtime.directive.Stop
2017-11-07 10:12:28,321 - Loaded System Directive: org.apache.velocity.runtime.directive.Define
2017-11-07 10:12:28,331 - Loaded System Directive: org.apache.velocity.runtime.directive.Break
2017-11-07 10:12:28,331 - Loaded System Directive: org.apache.velocity.runtime.directive.Evaluate
2017-11-07 10:12:28,331 - Loaded System Directive: org.apache.velocity.runtime.directive.Literal
2017-11-07 10:12:28,331 - Loaded System Directive: org.apache.velocity.runtime.directive.Macro
2017-11-07 10:12:28,341 - Loaded System Directive: org.apache.velocity.runtime.directive.Parse
2017-11-07 10:12:28,341 - Loaded System Directive: org.apache.velocity.runtime.directive.Include
2017-11-07 10:12:28,351 - Loaded System Directive: org.apache.velocity.runtime.directive.Foreach
2017-11-07 10:12:28,531 - Created '20' parsers.
2017-11-07 10:12:28,551 - Velocimacro : "velocimacro.library" is not set.  Trying default library: VM_global_library.vm
2017-11-07 10:12:28,551 - Velocimacro : Default library not found.
2017-11-07 10:12:28,551 - Velocimacro : allowInline = true : VMs can be defined inline in templates
2017-11-07 10:12:28,551 - Velocimacro : allowInlineToOverride = false : VMs defined inline may NOT replace previous VM definitions
2017-11-07 10:12:28,551 - Velocimacro : allowInlineLocal = false : VMs defined inline will be global in scope if allowed.
2017-11-07 10:12:28,551 - Velocimacro : autoload off : VM system will not automatically reload global library macros
2017-11-07 10:12:28,591 - ResourceManager : found \resource\template\IDAO.vm with loader org.apache.velocity.runtime.resource.loader.FileResourceLoader
2017-11-07 10:12:28,649 - ResourceManager : found \resource\template\DAOImp.vm with loader org.apache.velocity.runtime.resource.loader.FileResourceLoader
2017-11-07 10:12:28,729 - ResourceManager : found \resource\template\IService.vm with loader org.apache.velocity.runtime.resource.loader.FileResourceLoader
2017-11-07 10:12:28,749 - ResourceManager : found \resource\template\ServiceImp.vm with loader org.apache.velocity.runtime.resource.loader.FileResourceLoader
2017-11-07 10:12:29,119 - ResourceManager : found \resource\template\Controller.vm with loader org.apache.velocity.runtime.resource.loader.FileResourceLoader
2017-11-07 10:22:05,950 - Log4JLogChute initialized using file 'velocity.log'
2017-11-07 10:22:05,950 - Initializing Velocity, Calling init()...
2017-11-07 10:22:05,950 - Starting Apache Velocity v1.7 (compiled: 2010-11-19 12:14:37)
2017-11-07 10:22:05,950 - Default Properties File: org\apache\velocity\runtime\defaults\velocity.properties
2017-11-07 10:22:05,950 - Trying to use logger class org.apache.velocity.runtime.log.AvalonLogChute
2017-11-07 10:22:05,950 - Target log system for org.apache.velocity.runtime.log.AvalonLogChute is not available (java.lang.NoClassDefFoundError: org/apache/log/format/Formatter).  Falling back to next log system...
2017-11-07 10:22:05,950 - Trying to use logger class org.apache.velocity.runtime.log.Log4JLogChute
2017-11-07 10:22:05,950 - Using logger class org.apache.velocity.runtime.log.Log4JLogChute
2017-11-07 10:22:05,960 - ResourceLoader instantiated: org.apache.velocity.runtime.resource.loader.FileResourceLoader
2017-11-07 10:22:05,960 - Do unicode file recognition:  false
2017-11-07 10:22:05,960 - FileResourceLoader : adding path '.'
2017-11-07 10:22:05,990 - ResourceCache: initialized (class org.apache.velocity.runtime.resource.ResourceCacheImpl) with class java.util.Collections$SynchronizedMap cache map.
2017-11-07 10:22:05,990 - Loaded System Directive: org.apache.velocity.runtime.directive.Stop
2017-11-07 10:22:05,990 - Loaded System Directive: org.apache.velocity.runtime.directive.Define
2017-11-07 10:22:05,990 - Loaded System Directive: org.apache.velocity.runtime.directive.Break
2017-11-07 10:22:05,990 - Loaded System Directive: org.apache.velocity.runtime.directive.Evaluate
2017-11-07 10:22:06,000 - Loaded System Directive: org.apache.velocity.runtime.directive.Literal
2017-11-07 10:22:06,000 - Loaded System Directive: org.apache.velocity.runtime.directive.Macro
2017-11-07 10:22:06,000 - Loaded System Directive: org.apache.velocity.runtime.directive.Parse
2017-11-07 10:22:06,010 - Loaded System Directive: org.apache.velocity.runtime.directive.Include
2017-11-07 10:22:06,010 - Loaded System Directive: org.apache.velocity.runtime.directive.Foreach
2017-11-07 10:22:06,080 - Created '20' parsers.
2017-11-07 10:22:06,100 - Velocimacro : "velocimacro.library" is not set.  Trying default library: VM_global_library.vm
2017-11-07 10:22:06,100 - Velocimacro : Default library not found.
2017-11-07 10:22:06,100 - Velocimacro : allowInline = true : VMs can be defined inline in templates
2017-11-07 10:22:06,100 - Velocimacro : allowInlineToOverride = false : VMs defined inline may NOT replace previous VM definitions
2017-11-07 10:22:06,100 - Velocimacro : allowInlineLocal = false : VMs defined inline will be global in scope if allowed.
2017-11-07 10:22:06,100 - Velocimacro : autoload off : VM system will not automatically reload global library macros
2017-11-07 10:22:06,110 - ResourceManager : found \resource\template\IDAO.vm with loader org.apache.velocity.runtime.resource.loader.FileResourceLoader
2017-11-07 10:22:06,120 - ResourceManager : found \resource\template\DAOImp.vm with loader org.apache.velocity.runtime.resource.loader.FileResourceLoader
2017-11-07 10:22:06,130 - ResourceManager : found \resource\template\IService.vm with loader org.apache.velocity.runtime.resource.loader.FileResourceLoader
2017-11-07 10:22:06,130 - ResourceManager : found \resource\template\ServiceImp.vm with loader org.apache.velocity.runtime.resource.loader.FileResourceLoader
2017-11-07 10:22:06,268 - ResourceManager : found \resource\template\Controller.vm with loader org.apache.velocity.runtime.resource.loader.FileResourceLoader
2017-11-13 14:52:56,912 - Log4JLogChute initialized using file 'velocity.log'
2017-11-13 14:52:56,929 - Initializing Velocity, Calling init()...
2017-11-13 14:52:56,929 - Starting Apache Velocity v1.7 (compiled: 2010-11-19 12:14:37)
2017-11-13 14:52:56,929 - Default Properties File: org\apache\velocity\runtime\defaults\velocity.properties
2017-11-13 14:52:56,930 - Trying to use logger class org.apache.velocity.runtime.log.AvalonLogChute
2017-11-13 14:52:56,930 - Target log system for org.apache.velocity.runtime.log.AvalonLogChute is not available (java.lang.NoClassDefFoundError: org/apache/log/format/Formatter).  Falling back to next log system...
2017-11-13 14:52:56,930 - Trying to use logger class org.apache.velocity.runtime.log.Log4JLogChute
2017-11-13 14:52:56,930 - Using logger class org.apache.velocity.runtime.log.Log4JLogChute
2017-11-13 14:52:56,949 - ResourceLoader instantiated: org.apache.velocity.runtime.resource.loader.FileResourceLoader
2017-11-13 14:52:56,968 - Do unicode file recognition:  false
2017-11-13 14:52:56,968 - FileResourceLoader : adding path '.'
2017-11-13 14:52:57,079 - ResourceCache: initialized (class org.apache.velocity.runtime.resource.ResourceCacheImpl) with class java.util.Collections$SynchronizedMap cache map.
2017-11-13 14:52:57,086 - Loaded System Directive: org.apache.velocity.runtime.directive.Stop
2017-11-13 14:52:57,103 - Loaded System Directive: org.apache.velocity.runtime.directive.Define
2017-11-13 14:52:57,105 - Loaded System Directive: org.apache.velocity.runtime.directive.Break
2017-11-13 14:52:57,108 - Loaded System Directive: org.apache.velocity.runtime.directive.Evaluate
2017-11-13 14:52:57,110 - Loaded System Directive: org.apache.velocity.runtime.directive.Literal
2017-11-13 14:52:57,114 - Loaded System Directive: org.apache.velocity.runtime.directive.Macro
2017-11-13 14:52:57,119 - Loaded System Directive: org.apache.velocity.runtime.directive.Parse
2017-11-13 14:52:57,124 - Loaded System Directive: org.apache.velocity.runtime.directive.Include
2017-11-13 14:52:57,128 - Loaded System Directive: org.apache.velocity.runtime.directive.Foreach
2017-11-13 14:52:57,301 - Created '20' parsers.
2017-11-13 14:52:57,326 - Velocimacro : "velocimacro.library" is not set.  Trying default library: VM_global_library.vm
2017-11-13 14:52:57,326 - Velocimacro : Default library not found.
2017-11-13 14:52:57,327 - Velocimacro : allowInline = true : VMs can be defined inline in templates
2017-11-13 14:52:57,327 - Velocimacro : allowInlineToOverride = false : VMs defined inline may NOT replace previous VM definitions
2017-11-13 14:52:57,327 - Velocimacro : allowInlineLocal = false : VMs defined inline will be global in scope if allowed.
2017-11-13 14:52:57,327 - Velocimacro : autoload off : VM system will not automatically reload global library macros
2017-11-13 14:52:57,407 - ResourceManager : found \resource\template\pojo.vm with loader org.apache.velocity.runtime.resource.loader.FileResourceLoader
2017-11-13 15:04:52,267 - Log4JLogChute initialized using file 'velocity.log'
2017-11-13 15:04:52,268 - Initializing Velocity, Calling init()...
2017-11-13 15:04:52,268 - Starting Apache Velocity v1.7 (compiled: 2010-11-19 12:14:37)
2017-11-13 15:04:52,268 - Default Properties File: org\apache\velocity\runtime\defaults\velocity.properties
2017-11-13 15:04:52,268 - Trying to use logger class org.apache.velocity.runtime.log.AvalonLogChute
2017-11-13 15:04:52,268 - Target log system for org.apache.velocity.runtime.log.AvalonLogChute is not available (java.lang.NoClassDefFoundError: org/apache/log/format/Formatter).  Falling back to next log system...
2017-11-13 15:04:52,269 - Trying to use logger class org.apache.velocity.runtime.log.Log4JLogChute
2017-11-13 15:04:52,269 - Using logger class org.apache.velocity.runtime.log.Log4JLogChute
2017-11-13 15:04:52,299 - ResourceLoader instantiated: org.apache.velocity.runtime.resource.loader.FileResourceLoader
2017-11-13 15:04:52,302 - Do unicode file recognition:  false
2017-11-13 15:04:52,303 - FileResourceLoader : adding path '.'
2017-11-13 15:04:52,336 - ResourceCache: initialized (class org.apache.velocity.runtime.resource.ResourceCacheImpl) with class java.util.Collections$SynchronizedMap cache map.
2017-11-13 15:04:52,340 - Loaded System Directive: org.apache.velocity.runtime.directive.Stop
2017-11-13 15:04:52,343 - Loaded System Directive: org.apache.velocity.runtime.directive.Define
2017-11-13 15:04:52,345 - Loaded System Directive: org.apache.velocity.runtime.directive.Break
2017-11-13 15:04:52,349 - Loaded System Directive: org.apache.velocity.runtime.directive.Evaluate
2017-11-13 15:04:52,351 - Loaded System Directive: org.apache.velocity.runtime.directive.Literal
2017-11-13 15:04:52,354 - Loaded System Directive: org.apache.velocity.runtime.directive.Macro
2017-11-13 15:04:52,357 - Loaded System Directive: org.apache.velocity.runtime.directive.Parse
2017-11-13 15:04:52,360 - Loaded System Directive: org.apache.velocity.runtime.directive.Include
2017-11-13 15:04:52,364 - Loaded System Directive: org.apache.velocity.runtime.directive.Foreach
2017-11-13 15:04:52,466 - Created '20' parsers.
2017-11-13 15:04:52,487 - Velocimacro : "velocimacro.library" is not set.  Trying default library: VM_global_library.vm
2017-11-13 15:04:52,488 - Velocimacro : Default library not found.
2017-11-13 15:04:52,488 - Velocimacro : allowInline = true : VMs can be defined inline in templates
2017-11-13 15:04:52,489 - Velocimacro : allowInlineToOverride = false : VMs defined inline may NOT replace previous VM definitions
2017-11-13 15:04:52,489 - Velocimacro : allowInlineLocal = false : VMs defined inline will be global in scope if allowed.
2017-11-13 15:04:52,489 - Velocimacro : autoload off : VM system will not automatically reload global library macros
2017-11-13 15:04:52,663 - ResourceManager : found \resource\template\pojo.vm with loader org.apache.velocity.runtime.resource.loader.FileResourceLoader
2017-11-20 18:14:54,372 - Log4JLogChute initialized using file 'velocity.log'
2017-11-20 18:14:54,414 - Initializing Velocity, Calling init()...
2017-11-20 18:14:54,414 - Starting Apache Velocity v1.7 (compiled: 2010-11-19 12:14:37)
2017-11-20 18:14:54,414 - Default Properties File: org\apache\velocity\runtime\defaults\velocity.properties
2017-11-20 18:14:54,414 - Trying to use logger class org.apache.velocity.runtime.log.AvalonLogChute
2017-11-20 18:14:54,415 - Target log system for org.apache.velocity.runtime.log.AvalonLogChute is not available (java.lang.NoClassDefFoundError: org/apache/log/format/Formatter).  Falling back to next log system...
2017-11-20 18:14:54,415 - Trying to use logger class org.apache.velocity.runtime.log.Log4JLogChute
2017-11-20 18:14:54,415 - Using logger class org.apache.velocity.runtime.log.Log4JLogChute
2017-11-20 18:14:54,449 - ResourceLoader instantiated: org.apache.velocity.runtime.resource.loader.FileResourceLoader
2017-11-20 18:14:54,454 - Do unicode file recognition:  false
2017-11-20 18:14:54,454 - FileResourceLoader : adding path '.'
2017-11-20 18:14:54,647 - ResourceCache: initialized (class org.apache.velocity.runtime.resource.ResourceCacheImpl) with class java.util.Collections$SynchronizedMap cache map.
2017-11-20 18:14:54,657 - Loaded System Directive: org.apache.velocity.runtime.directive.Stop
2017-11-20 18:14:54,676 - Loaded System Directive: org.apache.velocity.runtime.directive.Define
2017-11-20 18:14:54,679 - Loaded System Directive: org.apache.velocity.runtime.directive.Break
2017-11-20 18:14:54,685 - Loaded System Directive: org.apache.velocity.runtime.directive.Evaluate
2017-11-20 18:14:54,690 - Loaded System Directive: org.apache.velocity.runtime.directive.Literal
2017-11-20 18:14:54,698 - Loaded System Directive: org.apache.velocity.runtime.directive.Macro
2017-11-20 18:14:54,705 - Loaded System Directive: org.apache.velocity.runtime.directive.Parse
2017-11-20 18:14:54,709 - Loaded System Directive: org.apache.velocity.runtime.directive.Include
2017-11-20 18:14:54,716 - Loaded System Directive: org.apache.velocity.runtime.directive.Foreach
2017-11-20 18:14:54,914 - Created '20' parsers.
2017-11-20 18:14:54,954 - Velocimacro : "velocimacro.library" is not set.  Trying default library: VM_global_library.vm
2017-11-20 18:14:54,954 - Velocimacro : Default library not found.
2017-11-20 18:14:54,955 - Velocimacro : allowInline = true : VMs can be defined inline in templates
2017-11-20 18:14:54,955 - Velocimacro : allowInlineToOverride = false : VMs defined inline may NOT replace previous VM definitions
2017-11-20 18:14:54,955 - Velocimacro : allowInlineLocal = false : VMs defined inline will be global in scope if allowed.
2017-11-20 18:14:54,955 - Velocimacro : autoload off : VM system will not automatically reload global library macros
2017-11-20 18:14:55,060 - ResourceManager : found \resource\template\pojo.vm with loader org.apache.velocity.runtime.resource.loader.FileResourceLoader
2017-11-20 18:15:41,162 - Log4JLogChute initialized using file 'velocity.log'
2017-11-20 18:15:41,163 - Initializing Velocity, Calling init()...
2017-11-20 18:15:41,164 - Starting Apache Velocity v1.7 (compiled: 2010-11-19 12:14:37)
2017-11-20 18:15:41,164 - Default Properties File: org\apache\velocity\runtime\defaults\velocity.properties
2017-11-20 18:15:41,164 - Trying to use logger class org.apache.velocity.runtime.log.AvalonLogChute
2017-11-20 18:15:41,164 - Target log system for org.apache.velocity.runtime.log.AvalonLogChute is not available (java.lang.NoClassDefFoundError: org/apache/log/format/Formatter).  Falling back to next log system...
2017-11-20 18:15:41,164 - Trying to use logger class org.apache.velocity.runtime.log.Log4JLogChute
2017-11-20 18:15:41,164 - Using logger class org.apache.velocity.runtime.log.Log4JLogChute
2017-11-20 18:15:41,176 - ResourceLoader instantiated: org.apache.velocity.runtime.resource.loader.FileResourceLoader
2017-11-20 18:15:41,179 - Do unicode file recognition:  false
2017-11-20 18:15:41,179 - FileResourceLoader : adding path '.'
2017-11-20 18:15:41,209 - ResourceCache: initialized (class org.apache.velocity.runtime.resource.ResourceCacheImpl) with class java.util.Collections$SynchronizedMap cache map.
2017-11-20 18:15:41,211 - Loaded System Directive: org.apache.velocity.runtime.directive.Stop
2017-11-20 18:15:41,214 - Loaded System Directive: org.apache.velocity.runtime.directive.Define
2017-11-20 18:15:41,215 - Loaded System Directive: org.apache.velocity.runtime.directive.Break
2017-11-20 18:15:41,217 - Loaded System Directive: org.apache.velocity.runtime.directive.Evaluate
2017-11-20 18:15:41,219 - Loaded System Directive: org.apache.velocity.runtime.directive.Literal
2017-11-20 18:15:41,221 - Loaded System Directive: org.apache.velocity.runtime.directive.Macro
2017-11-20 18:15:41,224 - Loaded System Directive: org.apache.velocity.runtime.directive.Parse
2017-11-20 18:15:41,226 - Loaded System Directive: org.apache.velocity.runtime.directive.Include
2017-11-20 18:15:41,228 - Loaded System Directive: org.apache.velocity.runtime.directive.Foreach
2017-11-20 18:15:41,303 - Created '20' parsers.
2017-11-20 18:15:41,318 - Velocimacro : "velocimacro.library" is not set.  Trying default library: VM_global_library.vm
2017-11-20 18:15:41,319 - Velocimacro : Default library not found.
2017-11-20 18:15:41,319 - Velocimacro : allowInline = true : VMs can be defined inline in templates
2017-11-20 18:15:41,319 - Velocimacro : allowInlineToOverride = false : VMs defined inline may NOT replace previous VM definitions
2017-11-20 18:15:41,319 - Velocimacro : allowInlineLocal = false : VMs defined inline will be global in scope if allowed.
2017-11-20 18:15:41,320 - Velocimacro : autoload off : VM system will not automatically reload global library macros
2017-11-20 18:15:41,351 - ResourceManager : found \resource\template\pojo.vm with loader org.apache.velocity.runtime.resource.loader.FileResourceLoader
